<?xml version="1.0" encoding="UTF-8"?>
<!-- Generated by org.testng.reporters.JUnitXMLReporter -->
<testsuite ignored="0" hostname="DESKTOP-KMLIREA" failures="0" tests="7" name="myTest" time="11.628" errors="0" timestamp="2024-07-31T17:06:16 IST">
  <testcase classname="Day38_TestNg.OrangeHRMLogin" name="openApp" time="6.058"/>
  <testcase classname="Day38_TestNg.OrangeHRMLogin" name="testLogo" time="0.567"/>
  <testcase classname="Day38_TestNg.OrangeHRMLogin" name="testLogin" time="1.722"/>
  <testcase classname="Day38_TestNg.OrangeHRMLogin" name="closeApp" time="3.172"/>
  <testcase classname="Day38_TestNg.FistTestCase" name="OpenApp" time="0.004"/>
  <testcase classname="Day38_TestNg.FistTestCase" name="Login" time="0.003"/>
  <testcase classname="Day38_TestNg.FistTestCase" name="Logout" time="0.01"/>
</testsuite> <!-- myTest -->
