<?xml version="1.0" encoding="UTF-8"?>
<!-- Generated by org.testng.reporters.JUnitXMLReporter -->
<testsuite ignored="6" hostname="DESKTOP-KMLIREA" failures="1" tests="3" name="Test" time="0.083" errors="0" timestamp="2024-08-02T16:39:46 IST">
  <testcase classname="Day40_Groups.PaymentTest" name="signupByemail" time="0.011"/>
  <testcase classname="Day40_Groups.LoginTests" name="loginByFaceBook" time="0.006">
    <failure type="junit.framework.AssertionFailedError">
      <![CDATA[junit.framework.AssertionFailedError
at junit.framework.Assert.fail(Assert.java:47)
at junit.framework.Assert.fail(Assert.java:53)
at Day40_Groups.LoginTests.loginByFaceBook(LoginTests.java:20)
at java.base/java.util.ArrayList.forEach(ArrayList.java:1511)
... Removed 27 stack frames]]>
    </failure>
  </testcase> <!-- loginByFaceBook -->
  <testcase classname="Day40_Groups.LoginTests" name="loginByTwitter" time="0.002"/>
  <testcase classname="Day40_Groups.PaymentTest" name="signupByfacebook" time="0.0">
    <ignored/>
  </testcase> <!-- signupByfacebook -->
  <testcase classname="Day40_Groups.LoginTests" name="loginByEmail" time="0.0">
    <ignored/>
  </testcase> <!-- loginByEmail -->
  <testcase classname="Day40_Groups.PaymentTest" name="signupBytwitter" time="0.0">
    <ignored/>
  </testcase> <!-- signupBytwitter -->
  <testcase classname="Day40_Groups.SignupTest" name="pymentbyDoller" time="0.0">
    <ignored/>
  </testcase> <!-- pymentbyDoller -->
  <testcase classname="Day40_Groups.SignupTest" name="pymentbyrupees" time="0.0">
    <ignored/>
  </testcase> <!-- pymentbyrupees -->
  <testcase classname="Day40_Groups.SignupTest" name="pymentReturnbyBank" time="0.0">
    <ignored/>
  </testcase> <!-- pymentReturnbyBank -->
</testsuite> <!-- Test -->
