<?xml version="1.0" encoding="UTF-8"?>
<testng-results ignored="0" total="1" passed="1" failed="0" skipped="0">
  <reporter-output>
  </reporter-output>
  <suite started-at="2024-08-03T15:32:48 IST" name="Default suite" finished-at="2024-08-03T15:33:01 IST" duration-ms="12891">
    <groups>
    </groups>
    <test started-at="2024-08-03T15:32:48 IST" name="Default test" finished-at="2024-08-03T15:33:01 IST" duration-ms="12891">
      <class name="Day41_Pom.Test_login">
        <test-method is-config="true" signature="setup()[pri:0, instance:Day41_Pom.Test_login@3a44431a]" started-at="2024-08-03T15:32:48 IST" name="setup" finished-at="2024-08-03T15:32:55 IST" duration-ms="7143" status="PASS">
          <reporter-output>
          </reporter-output>
        </test-method> <!-- setup -->
        <test-method signature="testlogin()[pri:0, instance:Day41_Pom.Test_login@3a44431a]" started-at="2024-08-03T15:32:55 IST" name="testlogin" finished-at="2024-08-03T15:32:57 IST" duration-ms="2286" status="PASS">
          <reporter-output>
          </reporter-output>
        </test-method> <!-- testlogin -->
        <test-method is-config="true" signature="logout()[pri:0, instance:Day41_Pom.Test_login@3a44431a]" started-at="2024-08-03T15:32:57 IST" name="logout" finished-at="2024-08-03T15:33:01 IST" duration-ms="3395" status="PASS">
          <reporter-output>
          </reporter-output>
        </test-method> <!-- logout -->
      </class> <!-- Day41_Pom.Test_login -->
    </test> <!-- Default test -->
  </suite> <!-- Default suite -->
</testng-results>
